TN:
SF:..\01-requestcount.js
FN:14,gloabCounter
FNF:1
FNH:1
FNDA:1,gloabCounter
DA:1,1
DA:2,1
DA:3,1
DA:4,1
DA:5,1
DA:6,1
DA:7,1
DA:8,1
DA:9,1
DA:10,1
DA:11,1
DA:12,1
DA:13,1
DA:14,1
DA:15,1
DA:16,1
DA:17,1
DA:18,1
DA:19,1
DA:20,0
DA:21,1
DA:22,1
DA:23,1
DA:24,0
DA:25,1
DA:26,1
DA:27,1
DA:28,1
DA:29,1
DA:30,1
DA:31,1
LF:31
LH:29
BRDA:14,0,0,1
BRDA:27,1,0,1
BRF:2
BRH:2
end_of_record
TN:
SF:..\02-ratelimitter.js
FN:19,limiter
FNF:1
FNH:1
FNDA:13,limiter
DA:1,1
DA:2,1
DA:3,1
DA:4,1
DA:5,1
DA:6,1
DA:7,1
DA:8,1
DA:9,1
DA:10,1
DA:11,1
DA:12,1
DA:13,1
DA:14,1
DA:15,1
DA:16,2
DA:17,1
DA:18,1
DA:19,13
DA:20,13
DA:21,13
DA:22,13
DA:23,13
DA:24,0
DA:25,0
DA:26,13
DA:27,13
DA:28,13
DA:29,13
DA:30,13
DA:31,7
DA:32,7
DA:33,13
DA:34,13
DA:35,13
DA:36,1
DA:37,1
DA:38,13
DA:39,1
DA:40,1
DA:41,1
DA:42,0
DA:43,1
DA:44,1
DA:45,1
LF:45
LH:42
BRDA:15,0,0,2
BRDA:19,1,0,13
BRDA:23,2,0,0
BRDA:27,3,0,2
BRDA:30,4,0,7
BRDA:37,5,0,13
BRF:6
BRH:5
end_of_record
TN:
SF:..\03-errorcount.js
FN:28,globalCatch
FNF:1
FNH:1
FNDA:11,globalCatch
DA:1,1
DA:2,1
DA:3,1
DA:4,1
DA:5,1
DA:6,1
DA:7,1
DA:8,1
DA:9,1
DA:10,1
DA:11,1
DA:12,1
DA:13,1
DA:14,11
DA:15,0
DA:16,0
DA:17,1
DA:18,1
DA:19,1
DA:20,0
DA:21,1
DA:22,1
DA:23,1
DA:24,2
DA:25,1
DA:26,1
DA:27,1
DA:28,11
DA:29,11
DA:30,11
DA:31,11
DA:32,11
DA:33,11
DA:34,0
DA:35,0
DA:36,0
DA:37,0
DA:38,1
DA:39,1
DA:40,1
DA:41,1
DA:42,1
DA:43,1
LF:43
LH:36
BRDA:13,0,0,11
BRDA:14,1,0,0
BRDA:23,2,0,2
BRDA:28,3,0,11
BRDA:33,4,0,0
BRF:5
BRH:3
end_of_record
